<?xml version="1.0" encoding="UTF-8"?>
<coverage generated="1716351917004" clover="3.2.0">
  <project timestamp="1716351917004" name="All files">
    <metrics statements="34" coveredstatements="25" conditionals="4" coveredconditionals="3" methods="11" coveredmethods="5" elements="49" coveredelements="33" complexity="0" loc="34" ncloc="34" packages="1" files="2" classes="2"/>
    <file name="Body.js" path="C:\Namast-React\src\Components\Body.js">
      <metrics statements="28" coveredstatements="19" conditionals="4" coveredconditionals="3" methods="10" coveredmethods="4"/>
      <line num="118" count="1" type="stmt"/>
      <line num="123" count="3" type="stmt"/>
      <line num="127" count="2" type="stmt"/>
      <line num="128" count="2" type="stmt"/>
      <line num="131" count="2" type="stmt"/>
      <line num="143" count="2" type="stmt"/>
      <line num="144" count="1" type="stmt"/>
      <line num="147" count="2" type="stmt"/>
      <line num="148" count="1" type="stmt"/>
      <line num="149" count="1" type="stmt"/>
      <line num="150" count="1" type="stmt"/>
      <line num="151" count="1" type="stmt"/>
      <line num="153" count="1" type="stmt"/>
      <line num="154" count="1" type="stmt"/>
      <line num="156" count="0" type="stmt"/>
      <line num="189" count="2" type="stmt"/>
      <line num="191" count="2" type="stmt"/>
      <line num="193" count="2" type="cond" truecount="1" falsecount="1"/>
      <line num="194" count="0" type="stmt"/>
      <line num="203" count="2" type="cond" truecount="2" falsecount="0"/>
      <line num="212" count="0" type="stmt"/>
      <line num="216" count="0" type="stmt"/>
      <line num="217" count="0" type="stmt"/>
      <line num="219" count="0" type="stmt"/>
      <line num="226" count="0" type="stmt"/>
      <line num="227" count="0" type="stmt"/>
      <line num="238" count="0" type="stmt"/>
      <line num="246" count="9" type="stmt"/>
    </file>
    <file name="Restaurantcard.js" path="C:\Namast-React\src\Components\Restaurantcard.js">
      <metrics statements="6" coveredstatements="6" conditionals="0" coveredconditionals="0" methods="1" coveredmethods="1"/>
      <line num="5" count="1" type="stmt"/>
      <line num="7" count="9" type="stmt"/>
      <line num="9" count="9" type="stmt"/>
      <line num="10" count="9" type="stmt"/>
      <line num="13" count="9" type="stmt"/>
      <line num="16" count="9" type="stmt"/>
    </file>
  </project>
</coverage>
