{"C:\\Namast-React\\src\\Components\\Body.js": {"path":"C:\\Namast-React\\src\\Components\\Body.js","statementMap":{"0":{"start":{"line":118,"column":13},"end":{"line":263,"column":1}},"1":{"start":{"line":123,"column":24},"end":{"line":123,"column":36}},"2":{"start":{"line":127,"column":38},"end":{"line":127,"column":50}},"3":{"start":{"line":128,"column":40},"end":{"line":128,"column":52}},"4":{"start":{"line":131,"column":2},"end":{"line":131,"column":33}},"5":{"start":{"line":143,"column":2},"end":{"line":145,"column":25}},"6":{"start":{"line":144,"column":4},"end":{"line":144,"column":15}},"7":{"start":{"line":147,"column":20},"end":{"line":158,"column":3}},"8":{"start":{"line":148,"column":4},"end":{"line":157,"column":5}},"9":{"start":{"line":149,"column":19},"end":{"line":149,"column":177}},"10":{"start":{"line":150,"column":19},"end":{"line":150,"column":36}},"11":{"start":{"line":151,"column":6},"end":{"line":151,"column":86}},"12":{"start":{"line":153,"column":6},"end":{"line":153,"column":88}},"13":{"start":{"line":154,"column":6},"end":{"line":154,"column":96}},"14":{"start":{"line":156,"column":6},"end":{"line":156,"column":22}},"15":{"start":{"line":189,"column":36},"end":{"line":189,"column":59}},"16":{"start":{"line":191,"column":23},"end":{"line":191,"column":40}},"17":{"start":{"line":193,"column":2},"end":{"line":198,"column":6}},"18":{"start":{"line":194,"column":4},"end":{"line":198,"column":6}},"19":{"start":{"line":203,"column":2},"end":{"line":262,"column":3}},"20":{"start":{"line":212,"column":31},"end":{"line":212,"column":60}},"21":{"start":{"line":216,"column":32},"end":{"line":218,"column":13}},"22":{"start":{"line":217,"column":14},"end":{"line":217,"column":76}},"23":{"start":{"line":219,"column":12},"end":{"line":219,"column":39}},"24":{"start":{"line":226,"column":31},"end":{"line":226,"column":74}},"25":{"start":{"line":226,"column":51},"end":{"line":226,"column":73}},"26":{"start":{"line":227,"column":14},"end":{"line":227,"column":30}},"27":{"start":{"line":238,"column":25},"end":{"line":238,"column":52}},"28":{"start":{"line":246,"column":12},"end":{"line":250,"column":117}}},"fnMap":{"0":{"name":"(anonymous_0)","decl":{"start":{"line":118,"column":13},"end":{"line":118,"column":14}},"loc":{"start":{"line":118,"column":19},"end":{"line":263,"column":1}},"line":118},"1":{"name":"(anonymous_1)","decl":{"start":{"line":143,"column":12},"end":{"line":143,"column":13}},"loc":{"start":{"line":143,"column":18},"end":{"line":145,"column":3}},"line":143},"2":{"name":"(anonymous_2)","decl":{"start":{"line":147,"column":20},"end":{"line":147,"column":21}},"loc":{"start":{"line":147,"column":32},"end":{"line":158,"column":3}},"line":147},"3":{"name":"(anonymous_3)","decl":{"start":{"line":212,"column":22},"end":{"line":212,"column":23}},"loc":{"start":{"line":212,"column":29},"end":{"line":212,"column":62}},"line":212},"4":{"name":"(anonymous_4)","decl":{"start":{"line":213,"column":77},"end":{"line":213,"column":78}},"loc":{"start":{"line":213,"column":83},"end":{"line":220,"column":11}},"line":213},"5":{"name":"(anonymous_5)","decl":{"start":{"line":216,"column":43},"end":{"line":216,"column":44}},"loc":{"start":{"line":217,"column":14},"end":{"line":217,"column":76}},"line":217},"6":{"name":"(anonymous_6)","decl":{"start":{"line":225,"column":21},"end":{"line":225,"column":22}},"loc":{"start":{"line":225,"column":27},"end":{"line":228,"column":13}},"line":225},"7":{"name":"(anonymous_7)","decl":{"start":{"line":226,"column":42},"end":{"line":226,"column":43}},"loc":{"start":{"line":226,"column":51},"end":{"line":226,"column":73}},"line":226},"8":{"name":"(anonymous_8)","decl":{"start":{"line":238,"column":20},"end":{"line":238,"column":21}},"loc":{"start":{"line":238,"column":25},"end":{"line":238,"column":52}},"line":238},"9":{"name":"(anonymous_9)","decl":{"start":{"line":245,"column":26},"end":{"line":245,"column":27}},"loc":{"start":{"line":246,"column":12},"end":{"line":250,"column":117}},"line":246}},"branchMap":{"0":{"loc":{"start":{"line":193,"column":2},"end":{"line":198,"column":6}},"type":"if","locations":[{"start":{"line":193,"column":2},"end":{"line":198,"column":6}},{"start":{},"end":{}}],"line":193},"1":{"loc":{"start":{"line":203,"column":9},"end":{"line":262,"column":3}},"type":"cond-expr","locations":[{"start":{"line":203,"column":28},"end":{"line":203,"column":39}},{"start":{"line":204,"column":4},"end":{"line":261,"column":10}}],"line":203}},"s":{"0":1,"1":3,"2":2,"3":2,"4":2,"5":2,"6":1,"7":2,"8":1,"9":1,"10":1,"11":1,"12":1,"13":1,"14":0,"15":2,"16":2,"17":2,"18":0,"19":2,"20":0,"21":0,"22":0,"23":0,"24":0,"25":0,"26":0,"27":0,"28":9},"f":{"0":3,"1":1,"2":1,"3":0,"4":0,"5":0,"6":0,"7":0,"8":0,"9":9},"b":{"0":[0,2],"1":[1,1]},"_coverageSchema":"1a1c01bbd47fc00a2c39e90264f33305004495a9","hash":"ed6584e938287d91bf1a8e068903b3aa5b267b44"}
,"C:\\Namast-React\\src\\Components\\Restaurantcard.js": {"path":"C:\\Namast-React\\src\\Components\\Restaurantcard.js","statementMap":{"0":{"start":{"line":5,"column":23},"end":{"line":27,"column":3}},"1":{"start":{"line":7,"column":24},"end":{"line":7,"column":29}},"2":{"start":{"line":9,"column":50},"end":{"line":9,"column":63}},"3":{"start":{"line":10,"column":25},"end":{"line":10,"column":42}},"4":{"start":{"line":13,"column":27},"end":{"line":13,"column":50}},"5":{"start":{"line":16,"column":4},"end":{"line":26,"column":5}}},"fnMap":{"0":{"name":"(anonymous_0)","decl":{"start":{"line":5,"column":23},"end":{"line":5,"column":24}},"loc":{"start":{"line":5,"column":34},"end":{"line":27,"column":3}},"line":5}},"branchMap":{},"s":{"0":1,"1":9,"2":9,"3":9,"4":9,"5":9},"f":{"0":9},"b":{},"_coverageSchema":"1a1c01bbd47fc00a2c39e90264f33305004495a9","hash":"1a8d2ee4310f4d2e741696281873cd683b5be656"}
}
