TN:
SF:src\Components\Body.js
FN:118,(anonymous_0)
FN:143,(anonymous_1)
FN:147,(anonymous_2)
FN:212,(anonymous_3)
FN:213,(anonymous_4)
FN:216,(anonymous_5)
FN:225,(anonymous_6)
FN:226,(anonymous_7)
FN:238,(anonymous_8)
FN:245,(anonymous_9)
FNF:10
FNH:4
FNDA:3,(anonymous_0)
FNDA:1,(anonymous_1)
FNDA:1,(anonymous_2)
FNDA:0,(anonymous_3)
FNDA:0,(anonymous_4)
FNDA:0,(anonymous_5)
FNDA:0,(anonymous_6)
FNDA:0,(anonymous_7)
FNDA:0,(anonymous_8)
FNDA:9,(anonymous_9)
DA:118,1
DA:123,3
DA:127,2
DA:128,2
DA:131,2
DA:143,2
DA:144,1
DA:147,2
DA:148,1
DA:149,1
DA:150,1
DA:151,1
DA:153,1
DA:154,1
DA:156,0
DA:189,2
DA:191,2
DA:193,2
DA:194,0
DA:203,2
DA:212,0
DA:216,0
DA:217,0
DA:219,0
DA:226,0
DA:227,0
DA:238,0
DA:246,9
LF:28
LH:19
BRDA:193,0,0,0
BRDA:193,0,1,2
BRDA:203,1,0,1
BRDA:203,1,1,1
BRF:4
BRH:3
end_of_record
TN:
SF:src\Components\Restaurantcard.js
FN:5,(anonymous_0)
FNF:1
FNH:1
FNDA:9,(anonymous_0)
DA:5,1
DA:7,9
DA:9,9
DA:10,9
DA:13,9
DA:16,9
LF:6
LH:6
BRF:0
BRH:0
end_of_record
