TN:
SF:src\Components\Body.js
FN:118,(anonymous_0)
FN:143,(anonymous_1)
FN:147,(anonymous_2)
FN:212,(anonymous_3)
FN:213,(anonymous_4)
FN:216,(anonymous_5)
FN:225,(anonymous_6)
FN:226,(anonymous_7)
FN:239,(anonymous_8)
FN:246,(anonymous_9)
FNF:10
FNH:7
FNDA:4,(anonymous_0)
FNDA:1,(anonymous_1)
FNDA:1,(anonymous_2)
FNDA:1,(anonymous_3)
FNDA:1,(anonymous_4)
FNDA:9,(anonymous_5)
FNDA:0,(anonymous_6)
FNDA:0,(anonymous_7)
FNDA:0,(anonymous_8)
FNDA:18,(anonymous_9)
DA:118,1
DA:123,4
DA:127,4
DA:128,4
DA:131,4
DA:143,4
DA:144,1
DA:147,4
DA:148,1
DA:149,1
DA:150,1
DA:151,1
DA:153,1
DA:154,1
DA:156,0
DA:189,4
DA:191,4
DA:193,4
DA:194,0
DA:203,4
DA:212,1
DA:216,1
DA:217,9
DA:219,1
DA:226,0
DA:227,0
DA:228,0
DA:239,0
DA:247,18
LF:29
LH:23
BRDA:193,0,0,0
BRDA:193,0,1,4
BRDA:203,1,0,1
BRDA:203,1,1,3
BRF:4
BRH:3
end_of_record
TN:
SF:src\Components\Contact.js
FN:4,(anonymous_0)
FNF:1
FNH:1
FNDA:6,(anonymous_0)
DA:4,1
DA:6,6
DA:7,6
LF:3
LH:3
BRF:0
BRH:0
end_of_record
TN:
SF:src\Components\Header.js
FN:10,(anonymous_0)
FN:21,(anonymous_1)
FN:51,(anonymous_2)
FNF:3
FNH:2
FNDA:1,(anonymous_0)
FNDA:2,(anonymous_1)
FNDA:0,(anonymous_2)
DA:10,1
DA:11,1
DA:13,1
DA:15,1
DA:21,2
DA:25,1
DA:52,0
LF:7
LH:6
BRDA:33,0,0,1
BRDA:33,0,1,0
BRDA:52,1,0,0
BRDA:52,1,1,0
BRF:4
BRH:1
end_of_record
TN:
SF:src\Components\Restaurantcard.js
FN:5,(anonymous_0)
FNF:1
FNH:1
FNDA:18,(anonymous_0)
DA:5,1
DA:7,18
DA:9,18
DA:10,18
DA:13,18
DA:16,18
LF:6
LH:6
BRF:0
BRH:0
end_of_record
TN:
SF:src\Components\Shimmer.js
FN:1,(anonymous_0)
FNF:1
FNH:1
FNDA:1,(anonymous_0)
DA:1,1
DA:2,1
LF:2
LH:2
BRF:0
BRH:0
end_of_record
TN:
SF:src\Components\sum.js
FN:1,(anonymous_0)
FNF:1
FNH:1
FNDA:1,(anonymous_0)
DA:1,1
DA:2,1
LF:2
LH:2
BRF:0
BRH:0
end_of_record
TN:
SF:src\utils\UserContext.js
FNF:0
FNH:0
DA:3,3
LF:1
LH:1
BRF:0
BRH:0
end_of_record
TN:
SF:src\utils\cartSlice.js
FN:9,(anonymous_0)
FN:13,(anonymous_1)
FN:16,(anonymous_2)
FNF:3
FNH:0
FNDA:0,(anonymous_0)
FNDA:0,(anonymous_1)
FNDA:0,(anonymous_2)
DA:3,1
DA:10,0
DA:14,0
DA:17,0
DA:22,1
LF:5
LH:2
BRF:0
BRH:0
end_of_record
TN:
SF:src\utils\constant.js
FNF:0
FNH:0
DA:2,2
DA:5,2
DA:7,2
DA:11,2
LF:4
LH:4
BRF:0
BRH:0
end_of_record
TN:
SF:src\utils\store.js
FNF:0
FNH:0
DA:4,1
LF:1
LH:1
BRF:0
BRH:0
end_of_record
TN:
SF:src\utils\useOnlineStatus.js
FN:3,(anonymous_0)
FN:6,(anonymous_1)
FN:7,(anonymous_2)
FN:10,(anonymous_3)
FNF:4
FNH:2
FNDA:5,(anonymous_0)
FNDA:2,(anonymous_1)
FNDA:0,(anonymous_2)
FNDA:0,(anonymous_3)
DA:3,2
DA:4,5
DA:6,5
DA:7,2
DA:8,0
DA:10,2
DA:11,0
DA:14,5
LF:8
LH:6
BRF:0
BRH:0
end_of_record
